<?xml version="1.0" encoding="UTF-8"?>
<!-- Generated by org.testng.reporters.JUnitReportReporter -->
<testsuite hostname="DESKTOP-SJP52UH" failures="0" tests="1" name="javaSelenium.createAccount" time="26.797" errors="0" timestamp="2025-02-12T00:36:59 IST" skipped="0">
  <testcase classname="javaSelenium.createAccount" name="createAcc" time="26.797"/>
  <system-out/>
</testsuite> <!-- javaSelenium.createAccount -->
